A D/analysis////
A D/bin////
A D/c////
A D/codegen////
A D/db////
A D/frontend////
A D/gui////
A D/include////
A D/interface////
A D/loader////
A D/mfcgui////
A D/output////
A D/patches////
A D/qtgui////
A D/qtgui2////
A D/signatures////
A D/symbols////
A D/test////
A D/transform////
A D/transformations////
A D/type////
A D/util////
A D/web////
A D/win32make////
A D/xslt////
R D/web////
R D/symbols////
R D/qtgui////
R D/patches////
R D/mfcgui////
R D/interface////
R D/gui////
R D/bin////
R D/analysis////
